<?xml version="1.0" encoding="UTF-8"?>
<!-- Generated by org.testng.reporters.JUnitReportReporter -->
<testsuite hostname="Diwakars-MBP" name="com.ebay.tests.LoginTest" tests="1" failures="0" timestamp="2 Aug 2017 03:27:22 GMT" time="16.973" errors="0">
  <testcase name="testLoginValid" time="16.973" classname="com.ebay.tests.LoginTest"/>
</testsuite> <!-- com.ebay.tests.LoginTest -->
